<?xml version="1.0" encoding="UTF-8"?>
<!-- Generated by org.testng.reporters.JUnitReportReporter -->
<testsuite hostname="DESKTOP-MR8EGM6" failures="0" tests="3" name="AddToCartMaganto" time="42.008" errors="0" timestamp="2024-03-18T23:21:56 AST" skipped="0">
  <testcase classname="AddToCartMaganto" name="AddOneToCart" time="6.449"/>
  <system-out/>
  <testcase classname="AddToCartMaganto" name="CheackOutTest" time="5.336"/>
  <system-out/>
  <testcase classname="AddToCartMaganto" name="ShippingAddress" time="30.223"/>
  <system-out/>
</testsuite> <!-- AddToCartMaganto -->
